t=2025-12-26T06:26:41+0900 lvl=info msg="no configuration paths supplied"
t=2025-12-26T06:26:41+0900 lvl=info msg="using configuration at default config path" path="/Users/ohchaeeun/Library/Application Support/ngrok/ngrok.yml"
t=2025-12-26T06:26:41+0900 lvl=info msg="open config file" path="/Users/ohchaeeun/Library/Application Support/ngrok/ngrok.yml" err=nil
t=2025-12-26T06:26:41+0900 lvl=info msg="FIPS 140 mode" enabled=false
t=2025-12-26T06:26:41+0900 lvl=info msg="starting web service" obj=web addr=127.0.0.1:4040 allow_hosts=[]
t=2025-12-26T06:26:41+0900 lvl=eror msg="failed to reconnect session" obj=tunnels.session err="authentication failed: The authtoken you specified does not look like a proper ngrok authtoken.\nYour authtoken: ZSH67WJAXJ\nInstructions to install your authtoken are on your ngrok dashboard:\nhttps://dashboard.ngrok.com/get-started/your-authtoken\r\n\r\nERR_NGROK_105\r\n"
t=2025-12-26T06:26:41+0900 lvl=eror msg="session closing" obj=tunnels.session err="authentication failed: The authtoken you specified does not look like a proper ngrok authtoken.\nYour authtoken: ZSH67WJAXJ\nInstructions to install your authtoken are on your ngrok dashboard:\nhttps://dashboard.ngrok.com/get-started/your-authtoken\r\n\r\nERR_NGROK_105\r\n"
t=2025-12-26T06:26:41+0900 lvl=info msg="received stop request" obj=app stopReq="{err:{Remote:true Inner:{Inner:0x140003191e0}} restart:false}"
t=2025-12-26T06:26:41+0900 lvl=eror msg="terminating with error" obj=app err="authentication failed: The authtoken you specified does not look like a proper ngrok authtoken.\nYour authtoken: ZSH67WJAXJ\nInstructions to install your authtoken are on your ngrok dashboard:\nhttps://dashboard.ngrok.com/get-started/your-authtoken\r\n\r\nERR_NGROK_105\r\n"
t=2025-12-26T06:26:41+0900 lvl=crit msg="command failed" err="authentication failed: The authtoken you specified does not look like a proper ngrok authtoken.\nYour authtoken: ZSH67WJAXJ\nInstructions to install your authtoken are on your ngrok dashboard:\nhttps://dashboard.ngrok.com/get-started/your-authtoken\r\n\r\nERR_NGROK_105\r\n"
ERROR:  authentication failed: The authtoken you specified does not look like a proper ngrok authtoken.
ERROR:  Your authtoken: ZSH67WJAXJ
ERROR:  Instructions to install your authtoken are on your ngrok dashboard:
ERROR:  https://dashboard.ngrok.com/get-started/your-authtoken
ERROR:  
t=2025-12-26T06:26:41+0900 lvl=warn msg="failed to check for update" obj=updater err="Post \"https://update.equinox.io/check\": context canceled"
ERROR:  ERR_NGROK_105
ERROR:  https://ngrok.com/docs/errors/err_ngrok_105
t=2025-12-26T06:26:41+0900 lvl=info msg="no more state changes" obj=tunnels.session
ERROR:  
